Traceback (most recent call last):
  File "/usr/local/lib/python3.9/site-packages/jupyter_cache/executors/utils.py", line 51, in single_nb_execution
    executenb(
  File "/usr/local/lib/python3.9/site-packages/nbclient/client.py", line 1107, in execute
    return NotebookClient(nb=nb, resources=resources, km=km, **kwargs).execute()
  File "/usr/local/lib/python3.9/site-packages/nbclient/util.py", line 74, in wrapped
    return just_run(coro(*args, **kwargs))
  File "/usr/local/lib/python3.9/site-packages/nbclient/util.py", line 53, in just_run
    return loop.run_until_complete(coro)
  File "/usr/local/Cellar/python@3.9/3.9.0_5/Frameworks/Python.framework/Versions/3.9/lib/python3.9/asyncio/base_events.py", line 642, in run_until_complete
    return future.result()
  File "/usr/local/lib/python3.9/site-packages/nbclient/client.py", line 553, in async_execute
    await self.async_execute_cell(
  File "/usr/local/lib/python3.9/site-packages/nbclient/client.py", line 852, in async_execute_cell
    self._check_raise_for_error(cell, exec_reply)
  File "/usr/local/lib/python3.9/site-packages/nbclient/client.py", line 760, in _check_raise_for_error
    raise CellExecutionError.from_cell_and_msg(cell, exec_reply_content)
nbclient.exceptions.CellExecutionError: An error occurred while executing the following cell:
------------------
Fs=500
f1,Pxx1 = pwelch(x,Fs)
f2,Pxx2 = signal.welch(x,fs=Fs)

fig, ax = plt.subplots()
fig.set_size_inches(18.5, 10.5)
ax.plot(f2,Pxx2)
ax.set(xlabel='Frequency (Hz)', ylabel='Power',
       title='Periodogram signal.welch()')
ax.grid()
plt.show()
------------------

[0;31m---------------------------------------------------------------------------[0m
[0;31mNameError[0m                                 Traceback (most recent call last)
[0;32m<ipython-input-5-893d5bda9901>[0m in [0;36m<module>[0;34m[0m
[1;32m      1[0m [0mFs[0m[0;34m=[0m[0;36m500[0m[0;34m[0m[0;34m[0m[0m
[0;32m----> 2[0;31m [0mf1[0m[0;34m,[0m[0mPxx1[0m [0;34m=[0m [0mpwelch[0m[0;34m([0m[0mx[0m[0;34m,[0m[0mFs[0m[0;34m)[0m[0;34m[0m[0;34m[0m[0m
[0m[1;32m      3[0m [0mf2[0m[0;34m,[0m[0mPxx2[0m [0;34m=[0m [0msignal[0m[0;34m.[0m[0mwelch[0m[0;34m([0m[0mx[0m[0;34m,[0m[0mfs[0m[0;34m=[0m[0mFs[0m[0;34m)[0m[0;34m[0m[0;34m[0m[0m
[1;32m      4[0m [0;34m[0m[0m
[1;32m      5[0m [0mfig[0m[0;34m,[0m [0max[0m [0;34m=[0m [0mplt[0m[0;34m.[0m[0msubplots[0m[0;34m([0m[0;34m)[0m[0;34m[0m[0;34m[0m[0m

[0;31mNameError[0m: name 'pwelch' is not defined
NameError: name 'pwelch' is not defined

